[debug] [2021-03-01T17:54:38.719Z] ----------------------------------------------------------------------
[debug] [2021-03-01T17:54:38.721Z] Command:       /usr/local/bin/node /usr/local/bin/firebase serve --project pokedexcodewarriors
[debug] [2021-03-01T17:54:38.721Z] CLI Version:   9.5.0
[debug] [2021-03-01T17:54:38.721Z] Platform:      darwin
[debug] [2021-03-01T17:54:38.721Z] Node Version:  v14.15.5
[debug] [2021-03-01T17:54:38.723Z] Time:          Mon Mar 01 2021 18:54:38 GMT+0100 (Central European Standard Time)
[debug] [2021-03-01T17:54:38.723Z] ----------------------------------------------------------------------
[debug] [2021-03-01T17:54:38.723Z] 
[debug] [2021-03-01T17:54:38.729Z] > command requires scopes: ["email","openid","https://www.googleapis.com/auth/cloudplatformprojects.readonly","https://www.googleapis.com/auth/firebase","https://www.googleapis.com/auth/cloud-platform"]
[debug] [2021-03-01T17:54:38.729Z] > authorizing via signed-in user
[debug] [2021-03-01T17:54:38.729Z] [iam] checking project pokedexcodewarriors for permissions ["firebase.projects.get"]
[debug] [2021-03-01T17:54:38.731Z] >>> HTTP REQUEST POST https://cloudresourcemanager.googleapis.com/v1/projects/pokedexcodewarriors:testIamPermissions  
 {"permissions":["firebase.projects.get"]}
[debug] [2021-03-01T17:54:39.563Z] <<< HTTP RESPONSE 200 {"content-type":"application/json; charset=UTF-8","vary":"X-Origin, Referer, Origin,Accept-Encoding","date":"Mon, 01 Mar 2021 17:54:39 GMT","server":"ESF","cache-control":"private","x-xss-protection":"0","x-frame-options":"SAMEORIGIN","x-content-type-options":"nosniff","server-timing":"gfet4t7; dur=657","alt-svc":"h3-29=\":443\"; ma=2592000,h3-T051=\":443\"; ma=2592000,h3-Q050=\":443\"; ma=2592000,h3-Q046=\":443\"; ma=2592000,h3-Q043=\":443\"; ma=2592000,quic=\":443\"; ma=2592000; v=\"46,43\"","accept-ranges":"none","transfer-encoding":"chunked"}
[debug] [2021-03-01T17:54:39.565Z] > refreshing access token with scopes: []
[debug] [2021-03-01T17:54:39.565Z] >>> HTTP REQUEST POST https://www.googleapis.com/oauth2/v3/token  
 <request body omitted>
[debug] [2021-03-01T17:54:39.722Z] <<< HTTP RESPONSE 200 {"date":"Mon, 01 Mar 2021 17:54:39 GMT","cache-control":"no-cache, no-store, max-age=0, must-revalidate","expires":"Mon, 01 Jan 1990 00:00:00 GMT","pragma":"no-cache","content-type":"application/json; charset=utf-8","vary":"X-Origin, Referer, Origin,Accept-Encoding","server":"scaffolding on HTTPServer2","x-xss-protection":"0","x-frame-options":"SAMEORIGIN","x-content-type-options":"nosniff","alt-svc":"h3-29=\":443\"; ma=2592000,h3-T051=\":443\"; ma=2592000,h3-Q050=\":443\"; ma=2592000,h3-Q046=\":443\"; ma=2592000,h3-Q043=\":443\"; ma=2592000,quic=\":443\"; ma=2592000; v=\"46,43\"","accept-ranges":"none","transfer-encoding":"chunked"}
[debug] [2021-03-01T17:54:39.749Z] >>> [apiv2][query] GET https://firebase.googleapis.com/v1beta1/projects/pokedexcodewarriors [none]
[debug] [2021-03-01T17:54:40.050Z] <<< [apiv2][status] GET https://firebase.googleapis.com/v1beta1/projects/pokedexcodewarriors 200
[debug] [2021-03-01T17:54:40.050Z] <<< [apiv2][body] GET https://firebase.googleapis.com/v1beta1/projects/pokedexcodewarriors {"projectId":"pokedexcodewarriors","projectNumber":"841446076166","displayName":"pokemon-app","name":"projects/pokedexcodewarriors","resources":{"hostingSite":"pokedexcodewarriors"},"state":"ACTIVE"}
[info] 
[info] === Serving from '/Users/jasato/Documents/Ironhack.nosync/pokemon-app/pokemon-ng'...
[info] 
[debug] [2021-03-01T17:54:40.052Z] >>> [apiv2][query] GET https://firebase.googleapis.com/v1beta1/projects/pokedexcodewarriors/webApps/-/config [none]
[debug] [2021-03-01T17:54:40.789Z] <<< [apiv2][status] GET https://firebase.googleapis.com/v1beta1/projects/pokedexcodewarriors/webApps/-/config 200
[debug] [2021-03-01T17:54:40.789Z] <<< [apiv2][body] GET https://firebase.googleapis.com/v1beta1/projects/pokedexcodewarriors/webApps/-/config {"projectId":"pokedexcodewarriors","storageBucket":"pokedexcodewarriors.appspot.com","apiKey":"AIzaSyA6728LST9btAnsUvFCFJela_ehvM6c1Bg","authDomain":"pokedexcodewarriors.firebaseapp.com","messagingSenderId":"841446076166"}
[info] i  hosting[pokemon-ng]: Serving hosting files from: dist/pokemon-ng {"metadata":{"emulator":{"name":"hosting"},"message":"Serving hosting files from: \u001b[1mdist/pokemon-ng\u001b[22m"}}
[info] ✔  hosting[pokemon-ng]: Local server: http://localhost:5000 {"metadata":{"emulator":{"name":"hosting"},"message":"Local server: \u001b[4m\u001b[1mhttp://localhost:5000\u001b[22m\u001b[24m"}}
